15-Feb-2024 15:55:01.592 INFO [main] org.apache.catalina.startup.VersionLoggerListener.log Server version name:   Apache Tomcat/9.0.85
15-Feb-2024 15:55:01.595 INFO [main] org.apache.catalina.startup.VersionLoggerListener.log Server built:          Jan 5 2024 08:28:07 UTC
15-Feb-2024 15:55:01.596 INFO [main] org.apache.catalina.startup.VersionLoggerListener.log Server version number: 9.0.85.0
15-Feb-2024 15:55:01.596 INFO [main] org.apache.catalina.startup.VersionLoggerListener.log OS Name:               Windows 11
15-Feb-2024 15:55:01.596 INFO [main] org.apache.catalina.startup.VersionLoggerListener.log OS Version:            10.0
15-Feb-2024 15:55:01.596 INFO [main] org.apache.catalina.startup.VersionLoggerListener.log Architecture:          amd64
15-Feb-2024 15:55:01.596 INFO [main] org.apache.catalina.startup.VersionLoggerListener.log Java Home:             C:\Users\rama krishna\.jdks\openjdk-21.0.2
15-Feb-2024 15:55:01.596 INFO [main] org.apache.catalina.startup.VersionLoggerListener.log JVM Version:           21.0.2+13-58
15-Feb-2024 15:55:01.596 INFO [main] org.apache.catalina.startup.VersionLoggerListener.log JVM Vendor:            Oracle Corporation
15-Feb-2024 15:55:01.596 INFO [main] org.apache.catalina.startup.VersionLoggerListener.log CATALINA_BASE:         C:\Users\rama krishna\IdeaProjects\springmvc
15-Feb-2024 15:55:01.597 INFO [main] org.apache.catalina.startup.VersionLoggerListener.log CATALINA_HOME:         C:\Program Files\apache-tomcat-9.0.85
15-Feb-2024 15:55:01.604 INFO [main] org.apache.catalina.startup.VersionLoggerListener.log Command line argument: --add-opens=java.base/java.lang=ALL-UNNAMED
15-Feb-2024 15:55:01.605 INFO [main] org.apache.catalina.startup.VersionLoggerListener.log Command line argument: --add-opens=java.base/java.io=ALL-UNNAMED
15-Feb-2024 15:55:01.605 INFO [main] org.apache.catalina.startup.VersionLoggerListener.log Command line argument: --add-opens=java.base/java.util=ALL-UNNAMED
15-Feb-2024 15:55:01.605 INFO [main] org.apache.catalina.startup.VersionLoggerListener.log Command line argument: --add-opens=java.base/java.util.concurrent=ALL-UNNAMED
15-Feb-2024 15:55:01.605 INFO [main] org.apache.catalina.startup.VersionLoggerListener.log Command line argument: --add-opens=java.rmi/sun.rmi.transport=ALL-UNNAMED
15-Feb-2024 15:55:01.605 INFO [main] org.apache.catalina.startup.VersionLoggerListener.log Command line argument: -Dcatalina.home=C:\Program Files\apache-tomcat-9.0.85
15-Feb-2024 15:55:01.605 INFO [main] org.apache.catalina.startup.VersionLoggerListener.log Command line argument: -Dcatalina.base=C:\Users\rama krishna\IdeaProjects\springmvc
15-Feb-2024 15:55:01.605 INFO [main] org.apache.catalina.startup.VersionLoggerListener.log Command line argument: -Djava.io.tmpdir=C:\Users\rama krishna\IdeaProjects\springmvc\temp
15-Feb-2024 15:55:01.605 INFO [main] org.apache.catalina.startup.VersionLoggerListener.log Command line argument: -Djava.util.logging.config.file=C:\Users\rama krishna\IdeaProjects\springmvc\conf\logging.properties
15-Feb-2024 15:55:01.605 INFO [main] org.apache.catalina.startup.VersionLoggerListener.log Command line argument: -Djava.util.logging.manager=org.apache.juli.ClassLoaderLogManager
15-Feb-2024 15:55:01.605 INFO [main] org.apache.catalina.startup.VersionLoggerListener.log Command line argument: -javaagent:C:\Users\rama krishna\AppData\Local\JetBrains\IntelliJ IDEA Community Edition 2023.3.2\lib\idea_rt.jar=53487:C:\Users\rama krishna\AppData\Local\JetBrains\IntelliJ IDEA Community Edition 2023.3.2\bin
15-Feb-2024 15:55:01.605 INFO [main] org.apache.catalina.startup.VersionLoggerListener.log Command line argument: -Dfile.encoding=UTF-8
15-Feb-2024 15:55:01.605 INFO [main] org.apache.catalina.startup.VersionLoggerListener.log Command line argument: -Dsun.stdout.encoding=UTF-8
15-Feb-2024 15:55:01.605 INFO [main] org.apache.catalina.startup.VersionLoggerListener.log Command line argument: -Dsun.stderr.encoding=UTF-8
15-Feb-2024 15:55:01.724 INFO [main] org.apache.catalina.core.AprLifecycleListener.lifecycleEvent Loaded Apache Tomcat Native library [1.2.39] using APR version [1.7.4].
15-Feb-2024 15:55:01.724 INFO [main] org.apache.catalina.core.AprLifecycleListener.lifecycleEvent APR capabilities: IPv6 [true], sendfile [true], accept filters [false], random [true], UDS [true].
15-Feb-2024 15:55:01.724 INFO [main] org.apache.catalina.core.AprLifecycleListener.lifecycleEvent APR/OpenSSL configuration: useAprConnector [false], useOpenSSL [true]
15-Feb-2024 15:55:01.730 INFO [main] org.apache.catalina.core.AprLifecycleListener.initializeSSL OpenSSL successfully initialized [OpenSSL 3.0.11 19 Sep 2023]
15-Feb-2024 15:55:02.044 INFO [main] org.apache.coyote.AbstractProtocol.init Initializing ProtocolHandler ["http-nio-8080"]
15-Feb-2024 15:55:02.058 INFO [main] org.apache.catalina.startup.Catalina.load Server initialization in [645] milliseconds
15-Feb-2024 15:55:02.102 INFO [main] org.apache.catalina.core.StandardService.startInternal Starting service [Catalina]
15-Feb-2024 15:55:02.103 INFO [main] org.apache.catalina.core.StandardEngine.startInternal Starting Servlet engine: [Apache Tomcat/9.0.85]
15-Feb-2024 15:55:02.112 INFO [main] org.apache.catalina.startup.HostConfig.deployDescriptor Deploying deployment descriptor [C:\Users\rama krishna\IdeaProjects\springmvc\conf\Catalina\localhost\javax-servlets.xml]
15-Feb-2024 15:55:03.357 INFO [main] org.apache.jasper.servlet.TldScanner.scanJars At least one JAR was scanned for TLDs yet contained no TLDs. Enable debug logging for this logger for a complete list of JARs that were scanned but no TLDs were found in them. Skipping unneeded JARs during scanning can improve startup time and JSP compilation time.
15-Feb-2024 15:55:03.603 INFO [main] org.springframework.web.servlet.DispatcherServlet.initServletBean FrameworkServlet 'spring': initialization started
15-Feb-2024 15:55:03.638 INFO [main] org.springframework.web.context.support.XmlWebApplicationContext.prepareRefresh Refreshing WebApplicationContext for namespace 'spring-servlet': startup date [Thu Feb 15 15:55:03 CST 2024]; root of context hierarchy
15-Feb-2024 15:55:03.689 INFO [main] org.springframework.beans.factory.xml.XmlBeanDefinitionReader.loadBeanDefinitions Loading XML bean definitions from ServletContext resource [/WEB-INF/spring-servlet.xml]
15-Feb-2024 15:55:04.416 INFO [main] org.springframework.web.servlet.mvc.method.annotation.RequestMappingHandlerMapping.register Mapped "{[/bmi],methods=[POST]}" onto public java.lang.String com.java.cis.BMIController.result(double,double,org.springframework.ui.Model)
15-Feb-2024 15:55:04.418 INFO [main] org.springframework.web.servlet.mvc.method.annotation.RequestMappingHandlerMapping.register Mapped "{[/],methods=[GET]}" onto public java.lang.String com.java.cis.BMIController.input(java.util.Locale,org.springframework.ui.Model)
15-Feb-2024 15:55:04.420 INFO [main] org.springframework.web.servlet.mvc.method.annotation.RequestMappingHandlerMapping.register Mapped "{[/login],methods=[GET]}" onto public java.lang.String com.java.cis.HomeController.home(java.util.Locale,org.springframework.ui.Model)
15-Feb-2024 15:55:04.420 INFO [main] org.springframework.web.servlet.mvc.method.annotation.RequestMappingHandlerMapping.register Mapped "{[/user],methods=[POST]}" onto public java.lang.String com.java.cis.HomeController.user(com.java.cis.User,org.springframework.ui.Model)
15-Feb-2024 15:55:04.507 INFO [main] org.springframework.web.servlet.mvc.method.annotation.RequestMappingHandlerAdapter.initControllerAdviceCache Looking for @ControllerAdvice: WebApplicationContext for namespace 'spring-servlet': startup date [Thu Feb 15 15:55:03 CST 2024]; root of context hierarchy
15-Feb-2024 15:55:04.561 INFO [main] org.springframework.web.servlet.mvc.method.annotation.RequestMappingHandlerAdapter.initControllerAdviceCache Looking for @ControllerAdvice: WebApplicationContext for namespace 'spring-servlet': startup date [Thu Feb 15 15:55:03 CST 2024]; root of context hierarchy
15-Feb-2024 15:55:04.768 INFO [main] org.springframework.web.servlet.DispatcherServlet.initServletBean FrameworkServlet 'spring': initialization completed in 1165 ms
15-Feb-2024 15:55:04.785 INFO [main] org.apache.catalina.startup.HostConfig.deployDescriptor Deployment of deployment descriptor [C:\Users\rama krishna\IdeaProjects\springmvc\conf\Catalina\localhost\javax-servlets.xml] has finished in [2,671] ms
15-Feb-2024 15:55:04.789 INFO [main] org.apache.coyote.AbstractProtocol.start Starting ProtocolHandler ["http-nio-8080"]
15-Feb-2024 15:55:04.807 INFO [main] org.apache.catalina.startup.Catalina.start Server startup in [2747] milliseconds
15-Feb-2024 16:04:54.574 INFO [Thread-1] org.apache.coyote.AbstractProtocol.pause Pausing ProtocolHandler ["http-nio-8080"]
15-Feb-2024 16:04:54.577 INFO [Thread-1] org.apache.catalina.core.StandardService.stopInternal Stopping service [Catalina]
15-Feb-2024 16:04:54.579 INFO [Thread-1] org.springframework.web.context.support.XmlWebApplicationContext.doClose Closing WebApplicationContext for namespace 'spring-servlet': startup date [Thu Feb 15 15:55:03 CST 2024]; root of context hierarchy
15-Feb-2024 16:04:54.609 INFO [Thread-1] org.apache.coyote.AbstractProtocol.stop Stopping ProtocolHandler ["http-nio-8080"]
15-Feb-2024 16:04:54.623 INFO [Thread-1] org.apache.coyote.AbstractProtocol.destroy Destroying ProtocolHandler ["http-nio-8080"]
